This is pdfTeX, Version 3.14159265-2.6-1.40.21 (MiKTeX 21.1) (preloaded format=pdflatex 2021.1.20)  6 JUL 2021 11:56
entering extended mode
**./CV.tex
(CV.tex
LaTeX2e <2020-10-01> patch level 4
L3 programming layer <2021-01-09> xparse <2020-03-03> (twentysecondcv.cls
Document Class: twentysecondcv 2018/11/24 CV class
("C:\Program Files\MiKTeX\tex/latex/base\article.cls"
Document Class: article 2020/04/10 v1.4m Standard LaTeX document class
("C:\Program Files\MiKTeX\tex/latex/base\size10.clo"
File: size10.clo 2020/04/10 v1.4m Standard LaTeX file (size option)
)
\c@part=\count177
\c@section=\count178
\c@subsection=\count179
\c@subsubsection=\count180
\c@paragraph=\count181
\c@subparagraph=\count182
\c@figure=\count183
\c@table=\count184
\abovecaptionskip=\skip47
\belowcaptionskip=\skip48
\bibindent=\dimen138
)
("C:\Program Files\MiKTeX\tex/latex/clearsans\ClearSans.sty"
Package: ClearSans 2019/10/16 (Bob Tennent) Supports Clear-Sans fonts for all L
aTeX engines.

("C:\Program Files\MiKTeX\tex/generic/iftex\ifxetex.sty"
Package: ifxetex 2019/10/25 v0.7 ifxetex legacy package. Use iftex instead.

("C:\Program Files\MiKTeX\tex/generic/iftex\iftex.sty"
Package: iftex 2020/03/06 v1.0d TeX engine tests
))
("C:\Program Files\MiKTeX\tex/generic/iftex\ifluatex.sty"
Package: ifluatex 2019/10/25 v1.5 ifluatex legacy package. Use iftex instead.
)
("C:\Program Files\MiKTeX\tex/latex/xkeyval\xkeyval.sty"
Package: xkeyval 2020/11/20 v2.8 package option processing (HA)

("C:\Program Files\MiKTeX\tex/generic/xkeyval\xkeyval.tex"
("C:\Program Files\MiKTeX\tex/generic/xkeyval\xkvutils.tex"
\XKV@toks=\toks15
\XKV@tempa@toks=\toks16

("C:\Program Files\MiKTeX\tex/generic/xkeyval\keyval.tex"))
\XKV@depth=\count185
File: xkeyval.tex 2014/12/03 v2.7a key=value parser (HA)
))
("C:\Program Files\MiKTeX\tex/latex/base\textcomp.sty"
Package: textcomp 2020/02/02 v2.0n Standard LaTeX package
)
("C:\Program Files\MiKTeX\tex/latex/base\fontenc.sty"
Package: fontenc 2020/08/10 v2.0s Standard LaTeX package
)
("C:\Program Files\MiKTeX\tex/latex/fontaxes\fontaxes.sty"
Package: fontaxes 2020/07/21 v1.0e Font selection axes
LaTeX Info: Redefining \upshape on input line 29.
LaTeX Info: Redefining \itshape on input line 31.
LaTeX Info: Redefining \slshape on input line 33.
LaTeX Info: Redefining \swshape on input line 35.
LaTeX Info: Redefining \scshape on input line 37.
LaTeX Info: Redefining \sscshape on input line 39.
LaTeX Info: Redefining \ulcshape on input line 41.
LaTeX Info: Redefining \textsw on input line 47.
LaTeX Info: Redefining \textssc on input line 48.
LaTeX Info: Redefining \textulc on input line 49.
))
("C:\Program Files\MiKTeX\tex/latex/base\inputenc.sty"
Package: inputenc 2020/08/01 v1.3d Input encoding file
\inpenc@prehook=\toks17
\inpenc@posthook=\toks18
)
("C:\Program Files\MiKTeX\tex/latex/base\fontenc.sty"
Package: fontenc 2020/08/10 v2.0s Standard LaTeX package
LaTeX Font Info:    Trying to load font information for T1+ClearSans-TLF on inp
ut line 112.

("C:\Program Files\MiKTeX\tex/latex/clearsans\t1clearsans-tlf.fd"
File: T1ClearSans-TLF.fd 2019/10/16 (autoinst) Font definitions for T1/ClearSan
s-TLF.
)
LaTeX Font Info:    Font shape `T1/ClearSans-TLF/m/n' in size <10> not availabl
e
(Font)              Font shape `T1/ClearSans-TLF/regular/n' tried instead on in
put line 112.
LaTeX Font Info:    Font shape `T1/ClearSans-TLF/regular/n' will be
(Font)              scaled to size 10.0pt on input line 112.
)
("C:\Program Files\MiKTeX\tex/latex/pgf/frontendlayer\tikz.sty"
("C:\Program Files\MiKTeX\tex/latex/pgf/basiclayer\pgf.sty"
("C:\Program Files\MiKTeX\tex/latex/pgf/utilities\pgfrcs.sty"
("C:\Program Files\MiKTeX\tex/generic/pgf/utilities\pgfutil-common.tex"
\pgfutil@everybye=\toks19
\pgfutil@tempdima=\dimen139
\pgfutil@tempdimb=\dimen140

("C:\Program Files\MiKTeX\tex/generic/pgf/utilities\pgfutil-common-lists.tex"))
("C:\Program Files\MiKTeX\tex/generic/pgf/utilities\pgfutil-latex.def"
\pgfutil@abb=\box47
)
("C:\Program Files\MiKTeX\tex/generic/pgf/utilities\pgfrcs.code.tex"
("C:\Program Files\MiKTeX\tex/generic/pgf\pgf.revision.tex")
Package: pgfrcs 2020/12/27 v3.1.8b (3.1.8b)
))
Package: pgf 2020/12/27 v3.1.8b (3.1.8b)

("C:\Program Files\MiKTeX\tex/latex/pgf/basiclayer\pgfcore.sty"
("C:\Program Files\MiKTeX\tex/latex/graphics\graphicx.sty"
Package: graphicx 2020/09/09 v1.2b Enhanced LaTeX Graphics (DPC,SPQR)

("C:\Program Files\MiKTeX\tex/latex/graphics\graphics.sty"
Package: graphics 2020/08/30 v1.4c Standard LaTeX Graphics (DPC,SPQR)

("C:\Program Files\MiKTeX\tex/latex/graphics\trig.sty"
Package: trig 2016/01/03 v1.10 sin cos tan (DPC)
)
("C:\Program Files\MiKTeX\tex/latex/graphics-cfg\graphics.cfg"
File: graphics.cfg 2016/06/04 v1.11 sample graphics configuration
)
Package graphics Info: Driver file: pdftex.def on input line 105.

("C:\Program Files\MiKTeX\tex/latex/graphics-def\pdftex.def"
File: pdftex.def 2020/10/05 v1.2a Graphics/color driver for pdftex
))
\Gin@req@height=\dimen141
\Gin@req@width=\dimen142
)
("C:\Program Files\MiKTeX\tex/latex/pgf/systemlayer\pgfsys.sty"
("C:\Program Files\MiKTeX\tex/generic/pgf/systemlayer\pgfsys.code.tex"
Package: pgfsys 2020/12/27 v3.1.8b (3.1.8b)

("C:\Program Files\MiKTeX\tex/generic/pgf/utilities\pgfkeys.code.tex"
\pgfkeys@pathtoks=\toks20
\pgfkeys@temptoks=\toks21

("C:\Program Files\MiKTeX\tex/generic/pgf/utilities\pgfkeysfiltered.code.tex"
\pgfkeys@tmptoks=\toks22
))
\pgf@x=\dimen143
\pgf@y=\dimen144
\pgf@xa=\dimen145
\pgf@ya=\dimen146
\pgf@xb=\dimen147
\pgf@yb=\dimen148
\pgf@xc=\dimen149
\pgf@yc=\dimen150
\pgf@xd=\dimen151
\pgf@yd=\dimen152
\w@pgf@writea=\write3
\r@pgf@reada=\read2
\c@pgf@counta=\count186
\c@pgf@countb=\count187
\c@pgf@countc=\count188
\c@pgf@countd=\count189
\t@pgf@toka=\toks23
\t@pgf@tokb=\toks24
\t@pgf@tokc=\toks25
\pgf@sys@id@count=\count190
("C:\Program Files\MiKTeX\tex/generic/pgf/systemlayer\pgf.cfg"
File: pgf.cfg 2020/12/27 v3.1.8b (3.1.8b)
)
Driver file for pgf: pgfsys-pdftex.def

("C:\Program Files\MiKTeX\tex/generic/pgf/systemlayer\pgfsys-pdftex.def"
File: pgfsys-pdftex.def 2020/12/27 v3.1.8b (3.1.8b)

("C:\Program Files\MiKTeX\tex/generic/pgf/systemlayer\pgfsys-common-pdf.def"
File: pgfsys-common-pdf.def 2020/12/27 v3.1.8b (3.1.8b)
))) ("C:\Program Files\MiKTeX\tex/generic/pgf/systemlayer\pgfsyssoftpath.code.t
ex"
File: pgfsyssoftpath.code.tex 2020/12/27 v3.1.8b (3.1.8b)
\pgfsyssoftpath@smallbuffer@items=\count191
\pgfsyssoftpath@bigbuffer@items=\count192
) ("C:\Program Files\MiKTeX\tex/generic/pgf/systemlayer\pgfsysprotocol.code.tex
"
File: pgfsysprotocol.code.tex 2020/12/27 v3.1.8b (3.1.8b)
)) ("C:\Program Files\MiKTeX\tex/latex/xcolor\xcolor.sty"
Package: xcolor 2016/05/11 v2.12 LaTeX color extensions (UK)

("C:\Program Files\MiKTeX\tex/latex/graphics-cfg\color.cfg"
File: color.cfg 2016/01/02 v1.6 sample color configuration
)
Package xcolor Info: Driver file: pdftex.def on input line 225.
Package xcolor Info: Model `cmy' substituted by `cmy0' on input line 1348.
Package xcolor Info: Model `hsb' substituted by `rgb' on input line 1352.
Package xcolor Info: Model `RGB' extended on input line 1364.
Package xcolor Info: Model `HTML' substituted by `rgb' on input line 1366.
Package xcolor Info: Model `Hsb' substituted by `hsb' on input line 1367.
Package xcolor Info: Model `tHsb' substituted by `hsb' on input line 1368.
Package xcolor Info: Model `HSB' substituted by `hsb' on input line 1369.
Package xcolor Info: Model `Gray' substituted by `gray' on input line 1370.
Package xcolor Info: Model `wave' substituted by `hsb' on input line 1371.
)
("C:\Program Files\MiKTeX\tex/generic/pgf/basiclayer\pgfcore.code.tex"
Package: pgfcore 2020/12/27 v3.1.8b (3.1.8b)

("C:\Program Files\MiKTeX\tex/generic/pgf/math\pgfmath.code.tex"
("C:\Program Files\MiKTeX\tex/generic/pgf/math\pgfmathcalc.code.tex"
("C:\Program Files\MiKTeX\tex/generic/pgf/math\pgfmathutil.code.tex")
("C:\Program Files\MiKTeX\tex/generic/pgf/math\pgfmathparser.code.tex"
\pgfmath@dimen=\dimen153
\pgfmath@count=\count193
\pgfmath@box=\box48
\pgfmath@toks=\toks26
\pgfmath@stack@operand=\toks27
\pgfmath@stack@operation=\toks28
)
("C:\Program Files\MiKTeX\tex/generic/pgf/math\pgfmathfunctions.code.tex"
("C:\Program Files\MiKTeX\tex/generic/pgf/math\pgfmathfunctions.basic.code.tex"
)
("C:\Program Files\MiKTeX\tex/generic/pgf/math\pgfmathfunctions.trigonometric.c
ode.tex")
("C:\Program Files\MiKTeX\tex/generic/pgf/math\pgfmathfunctions.random.code.tex
")
("C:\Program Files\MiKTeX\tex/generic/pgf/math\pgfmathfunctions.comparison.code
.tex")
("C:\Program Files\MiKTeX\tex/generic/pgf/math\pgfmathfunctions.base.code.tex")
("C:\Program Files\MiKTeX\tex/generic/pgf/math\pgfmathfunctions.round.code.tex"
) ("C:\Program Files\MiKTeX\tex/generic/pgf/math\pgfmathfunctions.misc.code.tex
")
("C:\Program Files\MiKTeX\tex/generic/pgf/math\pgfmathfunctions.integerarithmet
ics.code.tex")))
("C:\Program Files\MiKTeX\tex/generic/pgf/math\pgfmathfloat.code.tex"
\c@pgfmathroundto@lastzeros=\count194
))
("C:\Program Files\MiKTeX\tex/generic/pgf/math\pgfint.code.tex")
("C:\Program Files\MiKTeX\tex/generic/pgf/basiclayer\pgfcorepoints.code.tex"
File: pgfcorepoints.code.tex 2020/12/27 v3.1.8b (3.1.8b)
\pgf@picminx=\dimen154
\pgf@picmaxx=\dimen155
\pgf@picminy=\dimen156
\pgf@picmaxy=\dimen157
\pgf@pathminx=\dimen158
\pgf@pathmaxx=\dimen159
\pgf@pathminy=\dimen160
\pgf@pathmaxy=\dimen161
\pgf@xx=\dimen162
\pgf@xy=\dimen163
\pgf@yx=\dimen164
\pgf@yy=\dimen165
\pgf@zx=\dimen166
\pgf@zy=\dimen167
)
("C:\Program Files\MiKTeX\tex/generic/pgf/basiclayer\pgfcorepathconstruct.code.
tex"
File: pgfcorepathconstruct.code.tex 2020/12/27 v3.1.8b (3.1.8b)
\pgf@path@lastx=\dimen168
\pgf@path@lasty=\dimen169
)
("C:\Program Files\MiKTeX\tex/generic/pgf/basiclayer\pgfcorepathusage.code.tex"
File: pgfcorepathusage.code.tex 2020/12/27 v3.1.8b (3.1.8b)
\pgf@shorten@end@additional=\dimen170
\pgf@shorten@start@additional=\dimen171
) ("C:\Program Files\MiKTeX\tex/generic/pgf/basiclayer\pgfcorescopes.code.tex"
File: pgfcorescopes.code.tex 2020/12/27 v3.1.8b (3.1.8b)
\pgfpic=\box49
\pgf@hbox=\box50
\pgf@layerbox@main=\box51
\pgf@picture@serial@count=\count195
)
("C:\Program Files\MiKTeX\tex/generic/pgf/basiclayer\pgfcoregraphicstate.code.t
ex"
File: pgfcoregraphicstate.code.tex 2020/12/27 v3.1.8b (3.1.8b)
\pgflinewidth=\dimen172
)
("C:\Program Files\MiKTeX\tex/generic/pgf/basiclayer\pgfcoretransformations.cod
e.tex"
File: pgfcoretransformations.code.tex 2020/12/27 v3.1.8b (3.1.8b)
\pgf@pt@x=\dimen173
\pgf@pt@y=\dimen174
\pgf@pt@temp=\dimen175
)
("C:\Program Files\MiKTeX\tex/generic/pgf/basiclayer\pgfcorequick.code.tex"
File: pgfcorequick.code.tex 2020/12/27 v3.1.8b (3.1.8b)
)
("C:\Program Files\MiKTeX\tex/generic/pgf/basiclayer\pgfcoreobjects.code.tex"
File: pgfcoreobjects.code.tex 2020/12/27 v3.1.8b (3.1.8b)
)
("C:\Program Files\MiKTeX\tex/generic/pgf/basiclayer\pgfcorepathprocessing.code
.tex"
File: pgfcorepathprocessing.code.tex 2020/12/27 v3.1.8b (3.1.8b)
)
("C:\Program Files\MiKTeX\tex/generic/pgf/basiclayer\pgfcorearrows.code.tex"
File: pgfcorearrows.code.tex 2020/12/27 v3.1.8b (3.1.8b)
\pgfarrowsep=\dimen176
)
("C:\Program Files\MiKTeX\tex/generic/pgf/basiclayer\pgfcoreshade.code.tex"
File: pgfcoreshade.code.tex 2020/12/27 v3.1.8b (3.1.8b)
\pgf@max=\dimen177
\pgf@sys@shading@range@num=\count196
\pgf@shadingcount=\count197
)
("C:\Program Files\MiKTeX\tex/generic/pgf/basiclayer\pgfcoreimage.code.tex"
File: pgfcoreimage.code.tex 2020/12/27 v3.1.8b (3.1.8b)

("C:\Program Files\MiKTeX\tex/generic/pgf/basiclayer\pgfcoreexternal.code.tex"
File: pgfcoreexternal.code.tex 2020/12/27 v3.1.8b (3.1.8b)
\pgfexternal@startupbox=\box52
)) ("C:\Program Files\MiKTeX\tex/generic/pgf/basiclayer\pgfcorelayers.code.tex"
File: pgfcorelayers.code.tex 2020/12/27 v3.1.8b (3.1.8b)
)
("C:\Program Files\MiKTeX\tex/generic/pgf/basiclayer\pgfcoretransparency.code.t
ex"
File: pgfcoretransparency.code.tex 2020/12/27 v3.1.8b (3.1.8b)
)
("C:\Program Files\MiKTeX\tex/generic/pgf/basiclayer\pgfcorepatterns.code.tex"
File: pgfcorepatterns.code.tex 2020/12/27 v3.1.8b (3.1.8b)
) ("C:\Program Files\MiKTeX\tex/generic/pgf/basiclayer\pgfcorerdf.code.tex"
File: pgfcorerdf.code.tex 2020/12/27 v3.1.8b (3.1.8b)
)))
("C:\Program Files\MiKTeX\tex/generic/pgf/modules\pgfmoduleshapes.code.tex"
File: pgfmoduleshapes.code.tex 2020/12/27 v3.1.8b (3.1.8b)
\pgfnodeparttextbox=\box53
)
("C:\Program Files\MiKTeX\tex/generic/pgf/modules\pgfmoduleplot.code.tex"
File: pgfmoduleplot.code.tex 2020/12/27 v3.1.8b (3.1.8b)
)
("C:\Program Files\MiKTeX\tex/latex/pgf/compatibility\pgfcomp-version-0-65.sty"
Package: pgfcomp-version-0-65 2020/12/27 v3.1.8b (3.1.8b)
\pgf@nodesepstart=\dimen178
\pgf@nodesepend=\dimen179
) ("C:\Program Files\MiKTeX\tex/latex/pgf/compatibility\pgfcomp-version-1-18.st
y"
Package: pgfcomp-version-1-18 2020/12/27 v3.1.8b (3.1.8b)
)) ("C:\Program Files\MiKTeX\tex/latex/pgf/utilities\pgffor.sty"
("C:\Program Files\MiKTeX\tex/latex/pgf/utilities\pgfkeys.sty"
("C:\Program Files\MiKTeX\tex/generic/pgf/utilities\pgfkeys.code.tex"))
("C:\Program Files\MiKTeX\tex/latex/pgf/math\pgfmath.sty"
("C:\Program Files\MiKTeX\tex/generic/pgf/math\pgfmath.code.tex"))
("C:\Program Files\MiKTeX\tex/generic/pgf/utilities\pgffor.code.tex"
Package: pgffor 2020/12/27 v3.1.8b (3.1.8b)

("C:\Program Files\MiKTeX\tex/generic/pgf/math\pgfmath.code.tex")
\pgffor@iter=\dimen180
\pgffor@skip=\dimen181
\pgffor@stack=\toks29
\pgffor@toks=\toks30
))
("C:\Program Files\MiKTeX\tex/generic/pgf/frontendlayer/tikz\tikz.code.tex"
Package: tikz 2020/12/27 v3.1.8b (3.1.8b)

("C:\Program Files\MiKTeX\tex/generic/pgf/libraries\pgflibraryplothandlers.code
.tex"
File: pgflibraryplothandlers.code.tex 2020/12/27 v3.1.8b (3.1.8b)
\pgf@plot@mark@count=\count198
\pgfplotmarksize=\dimen182
)
\tikz@lastx=\dimen183
\tikz@lasty=\dimen184
\tikz@lastxsaved=\dimen185
\tikz@lastysaved=\dimen186
\tikz@lastmovetox=\dimen187
\tikz@lastmovetoy=\dimen188
\tikzleveldistance=\dimen189
\tikzsiblingdistance=\dimen190
\tikz@figbox=\box54
\tikz@figbox@bg=\box55
\tikz@tempbox=\box56
\tikz@tempbox@bg=\box57
\tikztreelevel=\count199
\tikznumberofchildren=\count266
\tikznumberofcurrentchild=\count267
\tikz@fig@count=\count268

("C:\Program Files\MiKTeX\tex/generic/pgf/modules\pgfmodulematrix.code.tex"
File: pgfmodulematrix.code.tex 2020/12/27 v3.1.8b (3.1.8b)
\pgfmatrixcurrentrow=\count269
\pgfmatrixcurrentcolumn=\count270
\pgf@matrix@numberofcolumns=\count271
)
\tikz@expandcount=\count272

("C:\Program Files\MiKTeX\tex/generic/pgf/frontendlayer/tikz/libraries\tikzlibr
arytopaths.code.tex"
File: tikzlibrarytopaths.code.tex 2020/12/27 v3.1.8b (3.1.8b)
)))
("C:\Program Files\MiKTeX\tex/latex/fontawesome\fontawesome.sty"
Package: fontawesome 2016/05/15 v4.6.3.1 font awesome icons

("C:\Program Files\MiKTeX\tex/latex/fontawesome\fontawesomesymbols-generic.tex"
) ("C:\Program Files\MiKTeX\tex/latex/fontawesome\fontawesomesymbols-pdftex.tex
")) ("C:\Program Files\MiKTeX\tex/latex/textpos\textpos.sty"
Package: textpos 2020/09/26 v1.10

Package: textpos 2020/09/26 1.10, absolute positioning of text on the page
Package textpos Info: choosing support for LaTeX3 on input line 61.
\TP@textbox=\box58
\TP@holdbox=\box59
\TPHorizModule=\dimen191
\TPVertModule=\dimen192
\TP@margin=\dimen193
\TP@absmargin=\dimen194
Grid set 16 x 16 = 38.39343pt x 49.68562pt
\TPboxrulesize=\dimen195
\TP@ox=\dimen196
\TP@oy=\dimen197
\TP@tbargs=\toks31
TextBlockOrigin set to 0pt x 0pt
) ("C:\Program Files\MiKTeX\tex/latex/ragged2e\ragged2e.sty"
Package: ragged2e 2019/07/28 v2.2 ragged2e Package (MS)

("C:\Program Files\MiKTeX\tex/latex/ms\everysel.sty"
Package: everysel 2011/10/28 v1.2 EverySelectfont Package (MS)
)
\CenteringLeftskip=\skip49
\RaggedLeftLeftskip=\skip50
\RaggedRightLeftskip=\skip51
\CenteringRightskip=\skip52
\RaggedLeftRightskip=\skip53
\RaggedRightRightskip=\skip54
\CenteringParfillskip=\skip55
\RaggedLeftParfillskip=\skip56
\RaggedRightParfillskip=\skip57
\JustifyingParfillskip=\skip58
\CenteringParindent=\skip59
\RaggedLeftParindent=\skip60
\RaggedRightParindent=\skip61
\JustifyingParindent=\skip62
)
("C:\Program Files\MiKTeX\tex/latex/etoolbox\etoolbox.sty"
Package: etoolbox 2020/10/05 v2.5k e-TeX tools for LaTeX (JAW)
\etb@tempcnta=\count273
)
("C:\Program Files\MiKTeX\tex/latex/ifmtarg\ifmtarg.sty"
Package: ifmtarg 2018/04/16 v1.2b check for an empty argument
)
("C:\Program Files\MiKTeX\tex/latex/base\ifthen.sty"
Package: ifthen 2014/09/29 v1.1c Standard LaTeX ifthen package (DPC)
)
("C:\Program Files\MiKTeX\tex/latex/marvosym\marvosym.sty"
Package: marvosym 2011/07/20 v2.2 Martin Vogel's Symbols font definitions
)
("C:\Program Files\MiKTeX\tex/latex/parskip\parskip.sty"
Package: parskip 2020-06-15 v2.0f non-zero parskip adjustments

("C:\Program Files\MiKTeX\tex/latex/kvoptions\kvoptions.sty"
Package: kvoptions 2020-10-07 v3.14 Key value format for package options (HO)

("C:\Program Files\MiKTeX\tex/generic/ltxcmds\ltxcmds.sty"
Package: ltxcmds 2020-05-10 v1.25 LaTeX kernel commands for general use (HO)
)
("C:\Program Files\MiKTeX\tex/generic/kvsetkeys\kvsetkeys.sty"
Package: kvsetkeys 2019/12/15 v1.18 Key value parser (HO)
)))
("C:\Program Files\MiKTeX\tex/latex/geometry\geometry.sty"
Package: geometry 2020/01/02 v5.9 Page Geometry

("C:\Program Files\MiKTeX\tex/generic/iftex\ifvtex.sty"
Package: ifvtex 2019/10/25 v1.7 ifvtex legacy package. Use iftex instead.
)
\Gm@cnth=\count274
\Gm@cntv=\count275
\c@Gm@tempcnt=\count276
\Gm@bindingoffset=\dimen198
\Gm@wd@mp=\dimen199
\Gm@odd@mp=\dimen256
\Gm@even@mp=\dimen257
\Gm@layoutwidth=\dimen258
\Gm@layoutheight=\dimen259
\Gm@layouthoffset=\dimen260
\Gm@layoutvoffset=\dimen261
\Gm@dimlist=\toks32

("C:\Program Files\MiKTeX\tex/latex/geometry\geometry.cfg"))
("C:\Program Files\MiKTeX\tex/latex/fancyhdr\fancyhdr.sty"
Package: fancyhdr 2021/01/04 v4.0 Extensive control of page headers and footers

\f@nch@headwidth=\skip63
\f@nch@O@elh=\skip64
\f@nch@O@erh=\skip65
\f@nch@O@olh=\skip66
\f@nch@O@orh=\skip67
\f@nch@O@elf=\skip68
\f@nch@O@erf=\skip69
\f@nch@O@olf=\skip70
\f@nch@O@orf=\skip71
)
\imagewidth=\skip72
\imagescale=\skip73
\TotalSectionLength=\skip74
\SectionTitleLength=\skip75
\c@colorCounter=\count277
)
("C:\Program Files\MiKTeX\tex/latex/hyperref\hyperref.sty"
Package: hyperref 2020-05-15 v7.00e Hypertext links for LaTeX

("C:\Program Files\MiKTeX\tex/generic/pdftexcmds\pdftexcmds.sty"
Package: pdftexcmds 2020-06-27 v0.33 Utility functions of pdfTeX for LuaTeX (HO
)

("C:\Program Files\MiKTeX\tex/generic/infwarerr\infwarerr.sty"
Package: infwarerr 2019/12/03 v1.5 Providing info/warning/error messages (HO)
)
Package pdftexcmds Info: \pdf@primitive is available.
Package pdftexcmds Info: \pdf@ifprimitive is available.
Package pdftexcmds Info: \pdfdraftmode found.
)
("C:\Program Files\MiKTeX\tex/generic/kvdefinekeys\kvdefinekeys.sty"
Package: kvdefinekeys 2019-12-19 v1.6 Define keys (HO)
)
("C:\Program Files\MiKTeX\tex/generic/pdfescape\pdfescape.sty"
Package: pdfescape 2019/12/09 v1.15 Implements pdfTeX's escape features (HO)
)
("C:\Program Files\MiKTeX\tex/latex/hycolor\hycolor.sty"
Package: hycolor 2020-01-27 v1.10 Color options for hyperref/bookmark (HO)
)
("C:\Program Files\MiKTeX\tex/latex/letltxmacro\letltxmacro.sty"
Package: letltxmacro 2019/12/03 v1.6 Let assignment for LaTeX macros (HO)
)
("C:\Program Files\MiKTeX\tex/latex/auxhook\auxhook.sty"
Package: auxhook 2019-12-17 v1.6 Hooks for auxiliary files (HO)
)
\@linkdim=\dimen262
\Hy@linkcounter=\count278
\Hy@pagecounter=\count279

("C:\Program Files\MiKTeX\tex/latex/hyperref\pd1enc.def"
File: pd1enc.def 2020-05-15 v7.00e Hyperref: PDFDocEncoding definition (HO)
Now handling font encoding PD1 ...
... no UTF-8 mapping file for font encoding PD1
)
("C:\Program Files\MiKTeX\tex/generic/intcalc\intcalc.sty"
Package: intcalc 2019/12/15 v1.3 Expandable calculations with integers (HO)
)
("C:\Program Files\MiKTeX\tex/generic/etexcmds\etexcmds.sty"
Package: etexcmds 2019/12/15 v1.7 Avoid name clashes with e-TeX commands (HO)
)
\Hy@SavedSpaceFactor=\count280
Package hyperref Info: Hyper figures OFF on input line 4464.
Package hyperref Info: Link nesting OFF on input line 4469.
Package hyperref Info: Hyper index ON on input line 4472.
Package hyperref Info: Plain pages OFF on input line 4479.
Package hyperref Info: Backreferencing OFF on input line 4484.
Package hyperref Info: Implicit mode ON; LaTeX internals redefined.
Package hyperref Info: Bookmarks ON on input line 4717.
\c@Hy@tempcnt=\count281

("C:\Program Files\MiKTeX\tex/latex/url\url.sty"
\Urlmuskip=\muskip16
Package: url 2013/09/16  ver 3.4  Verb mode for urls, etc.
)
LaTeX Info: Redefining \url on input line 5076.
\XeTeXLinkMargin=\dimen263

("C:\Program Files\MiKTeX\tex/generic/bitset\bitset.sty"
Package: bitset 2019/12/09 v1.3 Handle bit-vector datatype (HO)

("C:\Program Files\MiKTeX\tex/generic/bigintcalc\bigintcalc.sty"
Package: bigintcalc 2019/12/15 v1.5 Expandable calculations on big integers (HO
)
))
\Fld@menulength=\count282
\Field@Width=\dimen264
\Fld@charsize=\dimen265
Package hyperref Info: Hyper figures OFF on input line 6347.
Package hyperref Info: Link nesting OFF on input line 6352.
Package hyperref Info: Hyper index ON on input line 6355.
Package hyperref Info: backreferencing OFF on input line 6362.
Package hyperref Info: Link coloring OFF on input line 6367.
Package hyperref Info: Link coloring with OCG OFF on input line 6372.
Package hyperref Info: PDF/A mode OFF on input line 6377.
LaTeX Info: Redefining \ref on input line 6417.
LaTeX Info: Redefining \pageref on input line 6421.

("C:\Program Files\MiKTeX\tex/latex/base\atbegshi-ltx.sty"
Package: atbegshi-ltx 2020/08/17 v1.0a Emulation of the original atbegshi packa
ge
with kernel methods
)
\Hy@abspage=\count283
\c@Item=\count284
\c@Hfootnote=\count285
)
Package hyperref Info: Driver (autodetected): hpdftex.

("C:\Program Files\MiKTeX\tex/latex/hyperref\hpdftex.def"
File: hpdftex.def 2020-05-15 v7.00e Hyperref driver for pdfTeX

("C:\Program Files\MiKTeX\tex/latex/base\atveryend-ltx.sty"
Package: atveryend-ltx 2020/08/19 v1.0a Emulation of the original atvery packag
e
with kernel methods
)
\Fld@listcount=\count286
\c@bookmark@seq@number=\count287

("C:\Program Files\MiKTeX\tex/latex/rerunfilecheck\rerunfilecheck.sty"
Package: rerunfilecheck 2019/12/05 v1.9 Rerun checks for auxiliary files (HO)

("C:\Program Files\MiKTeX\tex/generic/uniquecounter\uniquecounter.sty"
Package: uniquecounter 2019/12/15 v1.4 Provide unlimited unique counter (HO)
)
Package uniquecounter Info: New unique counter `rerunfilecheck' on input line 2
86.
)
\Hy@SectionHShift=\skip76
)
("C:\Program Files\MiKTeX\tex/latex/dejavu\DejaVuSansMono.sty"
Package: DejaVuSansMono 2011/06/01 Style file for DejaVuSansMono.
)
("C:\Program Files\MiKTeX\tex/latex/base\fixltx2e.sty"
Package: fixltx2e 2016/12/29 v2.1a fixes to LaTeX (obsolete)
Applying: [2015/01/01] Old fixltx2e package on input line 46.


Package fixltx2e Warning: fixltx2e is not required with releases after 2015
(fixltx2e)                All fixes are now in the LaTeX kernel.
(fixltx2e)                See the latexrelease package for details.

Already applied: [0000/00/00] Old fixltx2e package on input line 53.
) ("C:\Program Files\MiKTeX\tex/latex/base\fontenc.sty"
Package: fontenc 2020/08/10 v2.0s Standard LaTeX package
)
("C:\Program Files\MiKTeX\tex/latex/csquotes\csquotes.sty"
Package: csquotes 2021-02-22 v5.2l context-sensitive quotations (JAW)
\csq@reset=\count288
\csq@gtype=\count289
\csq@glevel=\count290
\csq@qlevel=\count291
\csq@maxlvl=\count292
\csq@tshold=\count293
\csq@ltx@everypar=\toks33

("C:\Program Files\MiKTeX\tex/latex/csquotes\csquotes.def"
File: csquotes.def 2021-02-22 v5.2l csquotes generic definitions (JAW)
)
Package csquotes Info: Trying to load configuration file 'csquotes.cfg'...
Package csquotes Info: ... configuration file loaded successfully.

("C:\Program Files\MiKTeX\tex/latex/csquotes\csquotes.cfg"
File: csquotes.cfg 
))
("C:\Program Files\MiKTeX\tex/latex/booktabs\booktabs.sty"
Package: booktabs 2020/01/12 v1.61803398 Publication quality tables
\heavyrulewidth=\dimen266
\lightrulewidth=\dimen267
\cmidrulewidth=\dimen268
\belowrulesep=\dimen269
\belowbottomsep=\dimen270
\aboverulesep=\dimen271
\abovetopsep=\dimen272
\cmidrulesep=\dimen273
\cmidrulekern=\dimen274
\defaultaddspace=\dimen275
\@cmidla=\count294
\@cmidlb=\count295
\@aboverulesep=\dimen276
\@belowrulesep=\dimen277
\@thisruleclass=\count296
\@lastruleclass=\count297
\@thisrulewidth=\dimen278
)
\cslhangindent=\skip77
\csllabelwidth=\skip78

("C:\Program Files\MiKTeX\tex/latex/latex-tools\calc.sty"
Package: calc 2017/05/25 v4.3 Infix arithmetic (KKT,FJ)
\calc@Acount=\count298
\calc@Bcount=\count299
\calc@Adimen=\dimen279
\calc@Bdimen=\dimen280
\calc@Askip=\skip79
\calc@Bskip=\skip80
LaTeX Info: Redefining \setlength on input line 80.
LaTeX Info: Redefining \addtolength on input line 81.
\calc@Ccount=\count300
\calc@Cskip=\skip81
)
Package csquotes Info: Checking for multilingual support...
Package csquotes Info: ... none found.

("C:\Program Files\MiKTeX\tex/latex/l3backend\l3backend-pdftex.def"
File: l3backend-pdftex.def 2021-01-09 L3 backend support: PDF output (pdfTeX)
\l__kernel_color_stack_int=\count301
\l__pdf_internal_box=\box60
) (CV.aux)
\openout1 = `CV.aux'.

LaTeX Font Info:    Checking defaults for OML/cmm/m/it on input line 92.
LaTeX Font Info:    ... okay on input line 92.
LaTeX Font Info:    Checking defaults for OMS/cmsy/m/n on input line 92.
LaTeX Font Info:    ... okay on input line 92.
LaTeX Font Info:    Checking defaults for OT1/cmr/m/n on input line 92.
LaTeX Font Info:    ... okay on input line 92.
LaTeX Font Info:    Checking defaults for T1/cmr/m/n on input line 92.
LaTeX Font Info:    ... okay on input line 92.
LaTeX Font Info:    Checking defaults for TS1/cmr/m/n on input line 92.
LaTeX Font Info:    ... okay on input line 92.
LaTeX Font Info:    Checking defaults for OMX/cmex/m/n on input line 92.
LaTeX Font Info:    ... okay on input line 92.
LaTeX Font Info:    Checking defaults for U/cmr/m/n on input line 92.
LaTeX Font Info:    ... okay on input line 92.
LaTeX Font Info:    Checking defaults for PD1/pdf/m/n on input line 92.
LaTeX Font Info:    ... okay on input line 92.
\c@mv@tabular=\count302
\c@mv@boldtabular=\count303

("C:\Program Files\MiKTeX\tex/context/base/mkii\supp-pdf.mkii"
[Loading MPS to PDF converter (version 2006.09.02).]
\scratchcounter=\count304
\scratchdimen=\dimen281
\scratchbox=\box61
\nofMPsegments=\count305
\nofMParguments=\count306
\everyMPshowfont=\toks34
\MPscratchCnt=\count307
\MPscratchDim=\dimen282
\MPnumerator=\count308
\makeMPintoPDFobject=\count309
\everyMPtoPDFconversion=\toks35
) ("C:\Program Files\MiKTeX\tex/latex/epstopdf-pkg\epstopdf-base.sty"
Package: epstopdf-base 2020-01-24 v2.11 Base part for package epstopdf
Package epstopdf-base Info: Redefining graphics rule for `.eps' on input line 4
85.
)
ABD: EverySelectfont initializing macros
LaTeX Info: Redefining \selectfont on input line 92.

*geometry* driver: auto-detecting
*geometry* detected driver: pdftex
*geometry* verbose mode - [ preamble ] result:
* driver: pdftex
* paper: a4paper
* layout: <same size as paper>
* layoutoffset:(h,v)=(0.0pt,0.0pt)
* modes: 
* h-part:(L,W,R)=(216.2411pt, 352.81403pt, 28.45274pt)
* v-part:(T,H,B)=(2.84544pt, 839.35596pt, 2.84544pt)
* \paperwidth=597.50787pt
* \paperheight=845.04684pt
* \textwidth=352.81403pt
* \textheight=839.35596pt
* \oddsidemargin=143.97112pt
* \evensidemargin=143.97112pt
* \topmargin=-69.42455pt
* \headheight=0.0pt
* \headsep=0.0pt
* \topskip=10.0pt
* \footskip=0.0pt
* \marginparwidth=65.0pt
* \marginparsep=11.0pt
* \columnsep=10.0pt
* \skip\footins=9.0pt plus 4.0pt minus 2.0pt
* \hoffset=0.0pt
* \voffset=0.0pt
* \mag=1000
* \@twocolumnfalse
* \@twosidefalse
* \@mparswitchfalse
* \@reversemarginfalse
* (1in=72.27pt=25.4mm, 1cm=28.453pt)

Package hyperref Info: Link coloring OFF on input line 92.
("C:\Program Files\MiKTeX\tex/latex/hyperref\nameref.sty"
Package: nameref 2019/09/16 v2.46 Cross-referencing by name of section

("C:\Program Files\MiKTeX\tex/latex/refcount\refcount.sty"
Package: refcount 2019/12/15 v3.6 Data extraction from label references (HO)
)
("C:\Program Files\MiKTeX\tex/generic/gettitlestring\gettitlestring.sty"
Package: gettitlestring 2019/12/15 v1.6 Cleanup title references (HO)
)
\c@section@level=\count310
)
LaTeX Info: Redefining \ref on input line 92.
LaTeX Info: Redefining \pageref on input line 92.
LaTeX Info: Redefining \nameref on input line 92.

(CV.out) (CV.out)
\@outlinefile=\write4
\openout4 = `CV.out'.

<mariecurie.jpg, id=6, 354.32375pt x 481.8pt>
File: mariecurie.jpg Graphic file (type jpg)
<use mariecurie.jpg>
Package pdftex.def Info: mariecurie.jpg  used on input line 102.
(pdftex.def)             Requested size: 142.26378pt x 193.45174pt.
LaTeX Font Info:    Font shape `T1/ClearSans-TLF/m/n' in size <20.74> not avail
able
(Font)              Font shape `T1/ClearSans-TLF/regular/n' tried instead on in
put line 102.
LaTeX Font Info:    Font shape `T1/ClearSans-TLF/regular/n' will be
(Font)              scaled to size 20.74pt on input line 102.
LaTeX Font Info:    Font shape `T1/ClearSans-TLF/m/n' in size <14.4> not availa
ble
(Font)              Font shape `T1/ClearSans-TLF/regular/n' tried instead on in
put line 102.
LaTeX Font Info:    Font shape `T1/ClearSans-TLF/regular/n' will be
(Font)              scaled to size 14.4pt on input line 102.
LaTeX Font Info:    External font `cmex10' loaded for size
(Font)              <7> on input line 102.
LaTeX Font Info:    External font `cmex10' loaded for size
(Font)              <5> on input line 102.
LaTeX Font Info:    Trying to load font information for U+fontawesometwo on inp
ut line 102.

("C:\Program Files\MiKTeX\tex/latex/fontawesome\ufontawesometwo.fd"
File: ufontawesometwo.fd 2016/05/22 Font definitions for U/fontawesometwo.
)
LaTeX Font Info:    Trying to load font information for T1+DejaVuSansMono-TLF o
n input line 102.

("C:\Program Files\MiKTeX\tex/latex/dejavu\t1dejavusansmono-tlf.fd"
File: T1DejaVuSansMono-TLF.fd 2011/06/01 Font definitions for T1/DejaVuSansMono
-TLF.
)
LaTeX Font Info:    Font shape `T1/DejaVuSansMono-TLF/m/n' will be
(Font)              scaled to size 8.6pt on input line 102.
LaTeX Font Info:    Trying to load font information for U+fontawesomethree on i
nput line 102.

("C:\Program Files\MiKTeX\tex/latex/fontawesome\ufontawesomethree.fd"
File: ufontawesomethree.fd 2016/05/22 Font definitions for U/fontawesomethree.
)
LaTeX Font Info:    Trying to load font information for TS1+ClearSans-TLF on in
put line 113.

("C:\Program Files\MiKTeX\tex/latex/clearsans\ts1clearsans-tlf.fd"
File: TS1ClearSans-TLF.fd 2019/10/16 (autoinst) Font definitions for TS1/ClearS
ans-TLF.
)
LaTeX Font Info:    Font shape `TS1/ClearSans-TLF/m/n' in size <10> not availab
le
(Font)              Font shape `TS1/ClearSans-TLF/regular/n' tried instead on i
nput line 113.
LaTeX Font Info:    Font shape `TS1/ClearSans-TLF/regular/n' will be
(Font)              scaled to size 10.0pt on input line 113.
LaTeX Font Info:    Font shape `T1/ClearSans-TLF/m/n' in size <8> not available

(Font)              Font shape `T1/ClearSans-TLF/regular/n' tried instead on in
put line 127.
LaTeX Font Info:    Font shape `T1/ClearSans-TLF/regular/n' will be
(Font)              scaled to size 8.0pt on input line 127.

Underfull \hbox (badness 10000) in paragraph at lines 126--131

 []


Underfull \hbox (badness 10000) in paragraph at lines 137--141

 []

LaTeX Font Info:    Font shape `T1/ClearSans-TLF/m/it' in size <10> not availab
le
(Font)              Font shape `T1/ClearSans-TLF/regular/it' tried instead on i
nput line 150.
LaTeX Font Info:    Font shape `T1/ClearSans-TLF/regular/it' will be
(Font)              scaled to size 10.0pt on input line 150.

Overfull \hbox (1.8pt too wide) in paragraph at lines 146--151
[][][] [] 
 []


Overfull \hbox (1.8pt too wide) in paragraph at lines 152--156
[][][] [] 
 []

[1

{C:/Users/laurentP/AppData/Local/MiKTeX/pdftex/config/pdftex.map} <./mariecurie
.jpg>] (CV.aux)
Package rerunfilecheck Info: File `CV.out' has not changed.
(rerunfilecheck)             Checksum: D41D8CD98F00B204E9800998ECF8427E;0.
 )
(\end occurred when \ifnum on line 31 was incomplete) 
Here is how much of TeX's memory you used:
 20068 strings out of 479618
 367629 string characters out of 2874893
 665641 words of memory out of 3000000
 36822 multiletter control sequences out of 15000+200000
 434557 words of font info for 43 fonts, out of 3000000 for 9000
 1141 hyphenation exceptions out of 8191
 128i,10n,130p,582b,780s stack positions out of 5000i,500n,10000p,200000b,50000s

!pdfTeX error: pdflatex (file FontAwesome--fontawesomethree): Font FontAwesome-
-fontawesomethree at 864 not found
 ==> Fatal error occurred, no output PDF file produced!
